<?xml version="1.0" encoding="UTF-8" standalone="yes"?>
<testsuites time="37.935" tests="5" failures="2" errors="1">
    <testsuite name="GraphWalker" tests="5" failures="2" errors="1" time="37.935" timestamp="2021-08-31T23:03:10">
        <properties>
            <property name="awt.toolkit" value="sun.lwawt.macosx.LWCToolkit"/>
            <property name="classworlds.conf" value="/usr/local/Cellar/maven/3.8.2/libexec/bin/m2.conf"/>
            <property name="env.COLORFGBG" value="15;0"/>
            <property name="env.COLORTERM" value="truecolor"/>
            <property name="env.COMMAND_MODE" value="unix2003"/>
            <property name="env.DISPLAY" value="/private/tmp/com.apple.launchd.QeRZRyXE4g/org.macosforge.xquartz:0"/>
            <property name="env.HOME" value="/Users/marcinbyra"/>
            <property name="env.ITERM_PROFILE" value="Default"/>
            <property name="env.ITERM_SESSION_ID" value="w0t3p0:6093DE73-C0B6-43A4-91AD-208FAB430780"/>
            <property name="env.JAVA_HOME" value="/Library/Java/JavaVirtualMachines/adoptopenjdk-8.jdk/Contents/Home"/>
            <property name="env.JAVA_MAIN_CLASS_85464" value="org.codehaus.plexus.classworlds.launcher.Launcher"/>
            <property name="env.LANG" value="pl_PL.UTF-8"/>
            <property name="env.LC_TERMINAL" value="iTerm2"/>
            <property name="env.LC_TERMINAL_VERSION" value="3.4.6"/>
            <property name="env.LESS" value="-R"/>
            <property name="env.LOGNAME" value="marcinbyra"/>
            <property name="env.LSCOLORS" value="Gxfxcxdxbxegedabagacad"/>
            <property name="env.MANPATH" value="/Users/marcinbyra/.nvm/versions/node/v14.9.0/share/man:/usr/local/share/man:/usr/share/man:/opt/X11/share/man:/Library/Apple/usr/share/man:/Library/Developer/CommandLineTools/SDKs/MacOSX.sdk/usr/share/man:/Library/Developer/CommandLineTools/usr/share/man"/>
            <property name="env.MAVEN_CMD_LINE_ARGS" value=" graphwalker:test"/>
            <property name="env.MAVEN_PROJECTBASEDIR" value="/Users/marcinbyra/graphwalker-tutorial/graphwalker-example/java-petclinic"/>
            <property name="env.NVM_BIN" value="/Users/marcinbyra/.nvm/versions/node/v14.9.0/bin"/>
            <property name="env.NVM_CD_FLAGS" value="-q"/>
            <property name="env.NVM_DIR" value="/Users/marcinbyra/.nvm"/>
            <property name="env.NVM_IOJS_ORG_MIRROR" value="https://iojs.org/dist"/>
            <property name="env.NVM_NODEJS_ORG_MIRROR" value="https://nodejs.org/dist"/>
            <property name="env.OLDPWD" value="/Users/marcinbyra/graphwalker-tutorial/graphwalker-example/java-petclinic"/>
            <property name="env.PAGER" value="less"/>
            <property name="env.PATH" value="/Users/marcinbyra/.nvm/versions/node/v14.9.0/bin:/Users/marcinbyra/google-cloud-sdk/bin:/usr/local/bin:/usr/bin:/bin:/usr/sbin:/sbin:/opt/X11/bin"/>
            <property name="env.PWD" value="/Users/marcinbyra/graphwalker-tutorial/graphwalker-example/java-petclinic"/>
            <property name="env.SHELL" value="/bin/zsh"/>
            <property name="env.SHLVL" value="1"/>
            <property name="env.SSH_AUTH_SOCK" value="/private/tmp/com.apple.launchd.xDhcxeiu80/Listeners"/>
            <property name="env.TERM" value="xterm-256color"/>
            <property name="env.TERM_PROGRAM" value="iTerm.app"/>
            <property name="env.TERM_PROGRAM_VERSION" value="3.4.6"/>
            <property name="env.TERM_SESSION_ID" value="w0t3p0:6093DE73-C0B6-43A4-91AD-208FAB430780"/>
            <property name="env.TMPDIR" value="/var/folders/_y/tb3s42bj2znb6lxlx4gxz6sh0000gn/T/"/>
            <property name="env.USER" value="marcinbyra"/>
            <property name="env.VIRTUAL_ENV_DISABLE_PROMPT" value=""/>
            <property name="env.XPC_FLAGS" value="0x0"/>
            <property name="env.XPC_SERVICE_NAME" value="0"/>
            <property name="env.ZSH" value="/Users/marcinbyra/.oh-my-zsh"/>
            <property name="env.__CFBundleIdentifier" value="com.googlecode.iterm2"/>
            <property name="env.__CF_USER_TEXT_ENCODING" value="0x1F5:0x1D:0x2A"/>
            <property name="file.encoding" value="UTF-8"/>
            <property name="file.encoding.pkg" value="sun.io"/>
            <property name="file.separator" value="/"/>
            <property name="gopherProxySet" value="false"/>
            <property name="java.awt.graphicsenv" value="sun.awt.CGraphicsEnvironment"/>
            <property name="java.awt.printerjob" value="sun.lwawt.macosx.CPrinterJob"/>
            <property name="java.class.path" value="/usr/local/Cellar/maven/3.8.2/libexec/boot/plexus-classworlds-2.6.0.jar"/>
            <property name="java.class.version" value="52.0"/>
            <property name="java.endorsed.dirs" value="/Library/Java/JavaVirtualMachines/adoptopenjdk-8.jdk/Contents/Home/jre/lib/endorsed"/>
            <property name="java.ext.dirs" value="/Users/marcinbyra/Library/Java/Extensions:/Library/Java/JavaVirtualMachines/adoptopenjdk-8.jdk/Contents/Home/jre/lib/ext:/Library/Java/Extensions:/Network/Library/Java/Extensions:/System/Library/Java/Extensions:/usr/lib/java"/>
            <property name="java.home" value="/Library/Java/JavaVirtualMachines/adoptopenjdk-8.jdk/Contents/Home/jre"/>
            <property name="java.io.tmpdir" value="/var/folders/_y/tb3s42bj2znb6lxlx4gxz6sh0000gn/T/"/>
            <property name="java.library.path" value="/Users/marcinbyra/Library/Java/Extensions:/Library/Java/Extensions:/Network/Library/Java/Extensions:/System/Library/Java/Extensions:/usr/lib/java:."/>
            <property name="java.runtime.name" value="OpenJDK Runtime Environment"/>
            <property name="java.runtime.version" value="1.8.0_292-b10"/>
            <property name="java.specification.name" value="Java Platform API Specification"/>
            <property name="java.specification.vendor" value="Oracle Corporation"/>
            <property name="java.specification.version" value="1.8"/>
            <property name="java.vendor" value="AdoptOpenJDK"/>
            <property name="java.vendor.url" value="https://adoptopenjdk.net/"/>
            <property name="java.vendor.url.bug" value="https://github.com/AdoptOpenJDK/openjdk-support/issues"/>
            <property name="java.version" value="1.8.0_292"/>
            <property name="java.vm.info" value="mixed mode"/>
            <property name="java.vm.name" value="OpenJDK 64-Bit Server VM"/>
            <property name="java.vm.specification.name" value="Java Virtual Machine Specification"/>
            <property name="java.vm.specification.vendor" value="Oracle Corporation"/>
            <property name="java.vm.specification.version" value="1.8"/>
            <property name="java.vm.vendor" value="AdoptOpenJDK"/>
            <property name="java.vm.version" value="25.292-b10"/>
            <property name="line.separator" value="&#10;"/>
            <property name="maven.build.version" value="Apache Maven 3.8.2 (ea98e05a04480131370aa0c110b8c54cf726c06f)"/>
            <property name="maven.conf" value="/usr/local/Cellar/maven/3.8.2/libexec/conf"/>
            <property name="maven.home" value="/usr/local/Cellar/maven/3.8.2/libexec"/>
            <property name="maven.multiModuleProjectDirectory" value="/Users/marcinbyra/graphwalker-tutorial/graphwalker-example/java-petclinic"/>
            <property name="maven.version" value="3.8.2"/>
            <property name="os.arch" value="x86_64"/>
            <property name="os.name" value="Mac OS X"/>
            <property name="os.version" value="10.16"/>
            <property name="path.separator" value=":"/>
            <property name="sun.arch.data.model" value="64"/>
            <property name="sun.boot.class.path" value="/Library/Java/JavaVirtualMachines/adoptopenjdk-8.jdk/Contents/Home/jre/lib/resources.jar:/Library/Java/JavaVirtualMachines/adoptopenjdk-8.jdk/Contents/Home/jre/lib/rt.jar:/Library/Java/JavaVirtualMachines/adoptopenjdk-8.jdk/Contents/Home/jre/lib/sunrsasign.jar:/Library/Java/JavaVirtualMachines/adoptopenjdk-8.jdk/Contents/Home/jre/lib/jsse.jar:/Library/Java/JavaVirtualMachines/adoptopenjdk-8.jdk/Contents/Home/jre/lib/jce.jar:/Library/Java/JavaVirtualMachines/adoptopenjdk-8.jdk/Contents/Home/jre/lib/charsets.jar:/Library/Java/JavaVirtualMachines/adoptopenjdk-8.jdk/Contents/Home/jre/lib/jfr.jar:/Library/Java/JavaVirtualMachines/adoptopenjdk-8.jdk/Contents/Home/jre/classes"/>
            <property name="sun.boot.library.path" value="/Library/Java/JavaVirtualMachines/adoptopenjdk-8.jdk/Contents/Home/jre/lib"/>
            <property name="sun.cpu.endian" value="little"/>
            <property name="sun.cpu.isalist" value=""/>
            <property name="sun.io.unicode.encoding" value="UnicodeBig"/>
            <property name="sun.java.command" value="org.codehaus.plexus.classworlds.launcher.Launcher graphwalker:test"/>
            <property name="sun.java.launcher" value="SUN_STANDARD"/>
            <property name="sun.jnu.encoding" value="UTF-8"/>
            <property name="sun.management.compiler" value="HotSpot 64-Bit Tiered Compilers"/>
            <property name="sun.os.patch.level" value="unknown"/>
            <property name="user.country" value="PL"/>
            <property name="user.dir" value="/Users/marcinbyra/graphwalker-tutorial/graphwalker-example/java-petclinic"/>
            <property name="user.home" value="/Users/marcinbyra"/>
            <property name="user.language" value="pl"/>
            <property name="user.name" value="marcinbyra"/>
            <property name="user.timezone" value=""/>
        </properties>
        <testcase name="VeterinariansTest" time="7.587" classname="com.company.modelimplementations.VeterinariansTest"/>
        <testcase name="PetClinicTest" time="7.587" classname="com.company.modelimplementations.PetClinicTest"/>
        <testcase name="FindOwnersTest" time="7.587" classname="com.company.modelimplementations.FindOwnersTest">
            <failure type="Not fulfilled" message="25"/>
        </testcase>
        <testcase name="OwnerInformationTest" time="7.587" classname="com.company.modelimplementations.OwnerInformationTest">
            <failure type="Not fulfilled" message="11"/>
        </testcase>
        <testcase name="NewOwnerTest" time="7.587" classname="com.company.modelimplementations.NewOwnerTest">
            <error type="java.lang.reflect.InvocationTargetException">
                java.lang.reflect.InvocationTargetException
                	at sun.reflect.NativeMethodAccessorImpl.invoke0(Native Method)
                	at sun.reflect.NativeMethodAccessorImpl.invoke(NativeMethodAccessorImpl.java:62)
                	at sun.reflect.DelegatingMethodAccessorImpl.invoke(DelegatingMethodAccessorImpl.java:43)
                	at java.lang.reflect.Method.invoke(Method.java:498)
                	at org.graphwalker.core.machine.ExecutionContext.execute(ExecutionContext.java:257)
                	at org.graphwalker.core.machine.SimpleMachine.execute(SimpleMachine.java:282)
                	at org.graphwalker.core.machine.SimpleMachine.getNextStep(SimpleMachine.java:105)
                	at org.graphwalker.java.test.TestExecutor.execute(TestExecutor.java:249)
                	at sun.reflect.NativeMethodAccessorImpl.invoke0(Native Method)
                	at sun.reflect.NativeMethodAccessorImpl.invoke(NativeMethodAccessorImpl.java:62)
                	at sun.reflect.DelegatingMethodAccessorImpl.invoke(DelegatingMethodAccessorImpl.java:43)
                	at java.lang.reflect.Method.invoke(Method.java:498)
                	at org.graphwalker.java.test.Reflections.invoke(Reflections.java:73)
                	at org.graphwalker.java.test.Reflector.execute(Reflector.java:123)
                	at org.graphwalker.maven.plugin.TestMojo.execute(TestMojo.java:161)
                	at org.apache.maven.plugin.DefaultBuildPluginManager.executeMojo(DefaultBuildPluginManager.java:137)
                	at org.apache.maven.lifecycle.internal.MojoExecutor.execute(MojoExecutor.java:210)
                	at org.apache.maven.lifecycle.internal.MojoExecutor.execute(MojoExecutor.java:156)
                	at org.apache.maven.lifecycle.internal.MojoExecutor.execute(MojoExecutor.java:148)
                	at org.apache.maven.lifecycle.internal.LifecycleModuleBuilder.buildProject(LifecycleModuleBuilder.java:117)
                	at org.apache.maven.lifecycle.internal.LifecycleModuleBuilder.buildProject(LifecycleModuleBuilder.java:81)
                	at org.apache.maven.lifecycle.internal.builder.singlethreaded.SingleThreadedBuilder.build(SingleThreadedBuilder.java:56)
                	at org.apache.maven.lifecycle.internal.LifecycleStarter.execute(LifecycleStarter.java:128)
                	at org.apache.maven.DefaultMaven.doExecute(DefaultMaven.java:305)
                	at org.apache.maven.DefaultMaven.doExecute(DefaultMaven.java:192)
                	at org.apache.maven.DefaultMaven.execute(DefaultMaven.java:105)
                	at org.apache.maven.cli.MavenCli.execute(MavenCli.java:972)
                	at org.apache.maven.cli.MavenCli.doMain(MavenCli.java:293)
                	at org.apache.maven.cli.MavenCli.main(MavenCli.java:196)
                	at sun.reflect.NativeMethodAccessorImpl.invoke0(Native Method)
                	at sun.reflect.NativeMethodAccessorImpl.invoke(NativeMethodAccessorImpl.java:62)
                	at sun.reflect.DelegatingMethodAccessorImpl.invoke(DelegatingMethodAccessorImpl.java:43)
                	at java.lang.reflect.Method.invoke(Method.java:498)
                	at org.codehaus.plexus.classworlds.launcher.Launcher.launchEnhanced(Launcher.java:282)
                	at org.codehaus.plexus.classworlds.launcher.Launcher.launch(Launcher.java:225)
                	at org.codehaus.plexus.classworlds.launcher.Launcher.mainWithExitCode(Launcher.java:406)
                	at org.codehaus.plexus.classworlds.launcher.Launcher.main(Launcher.java:347)
                Caused by: Element should have text 'numeric value out of bounds (&lt;10 digits&gt;.&lt;0 digits&gt; expected)' {.help-inline}
                Element: '&lt;span class="help-inline"&gt;wartość liczbowa spoza zakresu (oczekiwano &lt;liczba cyfr: 10&gt;,&lt;liczba cyfr: 0&gt;)&lt;/span&gt;'
                Screenshot: file:/Users/marcinbyra/graphwalker-tutorial/graphwalker-example/java-petclinic/build/reports/tests/1630443807605.0.png
                Page source: file:/Users/marcinbyra/graphwalker-tutorial/graphwalker-example/java-petclinic/build/reports/tests/1630443807605.0.html
                Timeout: 4 s.
                	at com.codeborne.selenide.impl.WebElementSource.checkCondition(WebElementSource.java:115)
                	at com.codeborne.selenide.commands.Should.execute(Should.java:30)
                	at com.codeborne.selenide.commands.Should.execute(Should.java:14)
                	at com.codeborne.selenide.commands.Commands.execute(Commands.java:154)
                	at com.codeborne.selenide.impl.SelenideElementProxy.dispatchAndRetry(SelenideElementProxy.java:128)
                	at com.codeborne.selenide.impl.SelenideElementProxy.invoke(SelenideElementProxy.java:80)
                	at com.sun.proxy.$Proxy41.shouldHave(Unknown Source)
                	at com.company.modelimplementations.NewOwnerTest.v_IncorrectData(NewOwnerTest.java:43)
                	... 37 more
</error>
        </testcase>
    </testsuite>
</testsuites>
