<?xml version="1.0" encoding="UTF-8" standalone="yes"?>
<testsuites time="37.935" tests="5" failures="2" errors="1">
    <testsuite name="GraphWalker" tests="5" failures="2" errors="1" time="37.935" timestamp="2021-08-31T23:03:10">
        <properties>
[...]
</properties>
        <testcase name="VeterinariansTest" time="7.587" classname="com.company.modelimplementations.VeterinariansTest"/>
        <testcase name="PetClinicTest" time="7.587" classname="com.company.modelimplementations.PetClinicTest"/>
        <testcase name="FindOwnersTest" time="7.587" classname="com.company.modelimplementations.FindOwnersTest">
            <failure type="Not fulfilled" message="25"/>
        </testcase>
        <testcase name="OwnerInformationTest" time="7.587" classname="com.company.modelimplementations.OwnerInformationTest">
            <failure type="Not fulfilled" message="11"/>
        </testcase>
        <testcase name="NewOwnerTest" time="7.587" classname="com.company.modelimplementations.NewOwnerTest">
            <error type="java.lang.reflect.InvocationTargetException">
                java.lang.reflect.InvocationTargetException
                	at sun.reflect.NativeMethodAccessorImpl.invoke0(Native Method)
                	at sun.reflect.NativeMethodAccessorImpl.invoke(NativeMethodAccessorImpl.java:62)
                	at sun.reflect.DelegatingMethodAccessorImpl.invoke(DelegatingMethodAccessorImpl.java:43)
                	at java.lang.reflect.Method.invoke(Method.java:498)
                	at org.graphwalker.core.machine.ExecutionContext.execute(ExecutionContext.java:257)
                	at org.graphwalker.core.machine.SimpleMachine.execute(SimpleMachine.java:282)
                	at org.graphwalker.core.machine.SimpleMachine.getNextStep(SimpleMachine.java:105)
                	at org.graphwalker.java.test.TestExecutor.execute(TestExecutor.java:249)
                	at sun.reflect.NativeMethodAccessorImpl.invoke0(Native Method)
                	at sun.reflect.NativeMethodAccessorImpl.invoke(NativeMethodAccessorImpl.java:62)
                	at sun.reflect.DelegatingMethodAccessorImpl.invoke(DelegatingMethodAccessorImpl.java:43)
                	at java.lang.reflect.Method.invoke(Method.java:498)
                	at org.graphwalker.java.test.Reflections.invoke(Reflections.java:73)
                	at org.graphwalker.java.test.Reflector.execute(Reflector.java:123)
                	at org.graphwalker.maven.plugin.TestMojo.execute(TestMojo.java:161)
                	at org.apache.maven.plugin.DefaultBuildPluginManager.executeMojo(DefaultBuildPluginManager.java:137)
                	at org.apache.maven.lifecycle.internal.MojoExecutor.execute(MojoExecutor.java:210)
                	at org.apache.maven.lifecycle.internal.MojoExecutor.execute(MojoExecutor.java:156)
                	at org.apache.maven.lifecycle.internal.MojoExecutor.execute(MojoExecutor.java:148)
                	at org.apache.maven.lifecycle.internal.LifecycleModuleBuilder.buildProject(LifecycleModuleBuilder.java:117)
                	at org.apache.maven.lifecycle.internal.LifecycleModuleBuilder.buildProject(LifecycleModuleBuilder.java:81)
                	at org.apache.maven.lifecycle.internal.builder.singlethreaded.SingleThreadedBuilder.build(SingleThreadedBuilder.java:56)
                	at org.apache.maven.lifecycle.internal.LifecycleStarter.execute(LifecycleStarter.java:128)
                	at org.apache.maven.DefaultMaven.doExecute(DefaultMaven.java:305)
                	at org.apache.maven.DefaultMaven.doExecute(DefaultMaven.java:192)
                	at org.apache.maven.DefaultMaven.execute(DefaultMaven.java:105)
                	at org.apache.maven.cli.MavenCli.execute(MavenCli.java:972)
                	at org.apache.maven.cli.MavenCli.doMain(MavenCli.java:293)
                	at org.apache.maven.cli.MavenCli.main(MavenCli.java:196)
                	at sun.reflect.NativeMethodAccessorImpl.invoke0(Native Method)
                	at sun.reflect.NativeMethodAccessorImpl.invoke(NativeMethodAccessorImpl.java:62)
                	at sun.reflect.DelegatingMethodAccessorImpl.invoke(DelegatingMethodAccessorImpl.java:43)
                	at java.lang.reflect.Method.invoke(Method.java:498)
                	at org.codehaus.plexus.classworlds.launcher.Launcher.launchEnhanced(Launcher.java:282)
                	at org.codehaus.plexus.classworlds.launcher.Launcher.launch(Launcher.java:225)
                	at org.codehaus.plexus.classworlds.launcher.Launcher.mainWithExitCode(Launcher.java:406)
                	at org.codehaus.plexus.classworlds.launcher.Launcher.main(Launcher.java:347)
                Caused by: Element should have text 'numeric value out of bounds (&lt;10 digits&gt;.&lt;0 digits&gt; expected)' {.help-inline}
                Element: '&lt;span class="help-inline"&gt;wartość liczbowa spoza zakresu (oczekiwano &lt;liczba cyfr: 10&gt;,&lt;liczba cyfr: 0&gt;)&lt;/span&gt;'
                Screenshot: file:/Users/marcinbyra/graphwalker-tutorial/graphwalker-example/java-petclinic/build/reports/tests/1630443807605.0.png
                Page source: file:/Users/marcinbyra/graphwalker-tutorial/graphwalker-example/java-petclinic/build/reports/tests/1630443807605.0.html
                Timeout: 4 s.
                	at com.codeborne.selenide.impl.WebElementSource.checkCondition(WebElementSource.java:115)
                	at com.codeborne.selenide.commands.Should.execute(Should.java:30)
                	at com.codeborne.selenide.commands.Should.execute(Should.java:14)
                	at com.codeborne.selenide.commands.Commands.execute(Commands.java:154)
                	at com.codeborne.selenide.impl.SelenideElementProxy.dispatchAndRetry(SelenideElementProxy.java:128)
                	at com.codeborne.selenide.impl.SelenideElementProxy.invoke(SelenideElementProxy.java:80)
                	at com.sun.proxy.$Proxy41.shouldHave(Unknown Source)
                	at com.company.modelimplementations.NewOwnerTest.v_IncorrectData(NewOwnerTest.java:43)
                	... 37 more
</error>
        </testcase>
    </testsuite>
</testsuites>
